<?xml version="1.0" encoding="UTF-8"?>
<!-- Generated by org.testng.reporters.JUnitXMLReporter -->
<testsuite ignored="1" hostname="LAPTOP-CNKSJMK5" failures="1" tests="10" name="Test" time="0.145" errors="0" timestamp="2022-07-17T23:18:34 IST">
  <testcase classname="project3.project3.day1" name="carloan" time="0.015">
    <failure type="java.lang.AssertionError" message="expected [true] but found [false]">
      <![CDATA[java.lang.AssertionError: expected [true] but found [false]
at project3.project3.day1.carloan(day1.java:14)
at java.base/java.util.ArrayList.forEach(ArrayList.java:1511)
... Removed 31 stack frames]]>
    </failure>
  </testcase> <!-- carloan -->
  <testcase classname="project3.project3.day1" name="carloan2" time="0.002"/>
  <testcase classname="project3.project3.day3" name="mobilesignedhomeloan" time="0.004"/>
  <testcase classname="project3.project3.day3" name="webloginhomeloan" time="0.004"/>
  <testcase classname="project3.project3.day3" name="MobilesignoutcarLoan" time="0.004"/>
  <testcase classname="project3.project3.day3" name="MobilesignoutcarLoan" time="0.001"/>
  <testcase classname="project3.project3.day3" name="MobilesignoutcarLoan" time="0.001"/>
  <testcase classname="project3.project3.day3" name="mobilesuigninhomeloan" time="0.009"/>
  <testcase classname="project3.project3.day3" name="loginAPIhomeloan" time="0.002"/>
  <testcase classname="project3.project3.day2" name="demo" time="0.001"/>
  <testcase classname="project3.project3.day3" name="mobilesignouthomeloan" time="0.0">
    <ignored/>
  </testcase> <!-- mobilesignouthomeloan -->
</testsuite> <!-- Test -->
