<?xml version="1.0" encoding="UTF-8"?>
<!-- Generated by org.testng.reporters.JUnitXMLReporter -->
<testsuite ignored="1" hostname="LAPTOP-CNKSJMK5" failures="0" tests="7" name="Car Loan" time="0.092" errors="0" timestamp="2022-07-17T23:34:36 IST">
  <testcase classname="project3.project3.day3" name="mobilesignedhomeloan" time="0.004"/>
  <testcase classname="project3.project3.day3" name="webloginhomeloan" time="0.004"/>
  <testcase classname="project3.project3.day3" name="MobilesignoutcarLoan" time="0.002"/>
  <testcase classname="project3.project3.day3" name="MobilesignoutcarLoan" time="0.001"/>
  <testcase classname="project3.project3.day3" name="MobilesignoutcarLoan" time="0.006"/>
  <testcase classname="project3.project3.day3" name="mobilesuigninhomeloan" time="0.008"/>
  <testcase classname="project3.project3.day3" name="loginAPIhomeloan" time="0.001"/>
  <testcase classname="project3.project3.day3" name="mobilesignouthomeloan" time="0.0">
    <ignored/>
  </testcase> <!-- mobilesignouthomeloan -->
</testsuite> <!-- Car Loan -->
