<?xml version="1.0" encoding="UTF-8"?>
<!-- Generated by org.testng.reporters.JUnitXMLReporter -->
<testsuite ignored="4" hostname="LAPTOP-CNKSJMK5" failures="0" tests="2" name="Home Loan" time="0.029" errors="0" timestamp="2022-07-17T22:46:06 IST">
  <testcase classname="project3.project3.day3" name="mobilesignedhomeloan" time="0.003"/>
  <testcase classname="project3.project3.day3" name="mobilesuigninhomeloan" time="0.006"/>
  <testcase classname="project3.project3.day3" name="loginAPIhomeloan" time="0.0">
    <ignored/>
  </testcase> <!-- loginAPIhomeloan -->
  <testcase classname="project3.project3.day3" name="webloginhomeloan" time="0.0">
    <ignored/>
  </testcase> <!-- webloginhomeloan -->
  <testcase classname="project3.project3.day3" name="mobilesignouthomeloan" time="0.0">
    <ignored/>
  </testcase> <!-- mobilesignouthomeloan -->
  <testcase classname="project3.project3.day3" name="MobilesignoutcarLoan" time="0.0">
    <ignored/>
  </testcase> <!-- MobilesignoutcarLoan -->
</testsuite> <!-- Home Loan -->
