<?xml version="1.0" encoding="UTF-8"?>
<!-- Generated by org.testng.reporters.JUnitXMLReporter -->
<testsuite ignored="2" hostname="LAPTOP-CNKSJMK5" failures="0" tests="1" name="Personal loan" time="0.032" errors="0" timestamp="2022-07-17T23:34:36 IST">
  <testcase classname="project3.project3.day2" name="demo" time="0.004"/>
  <testcase classname="project3.project3.day1" name="carloan2" time="0.0">
    <ignored/>
  </testcase> <!-- carloan2 -->
  <testcase classname="project3.project3.day1" name="carloan" time="0.0">
    <ignored/>
  </testcase> <!-- carloan -->
</testsuite> <!-- Personal loan -->
