<?xml version="1.0" encoding="UTF-8"?>
<!-- Generated by org.testng.reporters.JUnitXMLReporter -->
<testsuite ignored="6" hostname="LAPTOP-CNKSJMK5" failures="0" tests="3" name="Regression" time="0.122" errors="0" timestamp="2022-08-23T13:03:55 IST">
  <testcase classname="project3.project3.day1" name="carloan2" time="0.014"/>
  <testcase classname="project3.project3.day2" name="demo" time="0.003"/>
  <testcase classname="project3.project3.day3" name="mobilesignedhomeloan" time="0.007"/>
  <testcase classname="project3.project3.day3" name="mobilesuigninhomeloan" time="0.0">
    <ignored/>
  </testcase> <!-- mobilesuigninhomeloan -->
  <testcase classname="project3.project3.day3" name="loginAPIhomeloan" time="0.0">
    <ignored/>
  </testcase> <!-- loginAPIhomeloan -->
  <testcase classname="project3.project3.day3" name="webloginhomeloan" time="0.0">
    <ignored/>
  </testcase> <!-- webloginhomeloan -->
  <testcase classname="project3.project3.day1" name="carloan" time="0.0">
    <ignored/>
  </testcase> <!-- carloan -->
  <testcase classname="project3.project3.day3" name="mobilesignouthomeloan" time="0.0">
    <ignored/>
  </testcase> <!-- mobilesignouthomeloan -->
  <testcase classname="project3.project3.day3" name="MobilesignoutcarLoan" time="0.0">
    <ignored/>
  </testcase> <!-- MobilesignoutcarLoan -->
</testsuite> <!-- Regression -->
