<?xml version="1.0" encoding="UTF-8"?>
<testng-results ignored="6" total="9" passed="3" failed="0" skipped="0">
  <reporter-output>
  </reporter-output>
  <suite started-at="2022-08-23T13:03:55 IST" name="Loan Department" finished-at="2022-08-23T13:03:55 IST" duration-ms="122">
    <groups>
      <group name="smoke">
        <method signature="day1.carloan2()[pri:0, instance:project3.project3.day1@34f5090e]" name="carloan2" class="project3.project3.day1"/>
        <method signature="day2.demo()[pri:0, instance:project3.project3.day2@57af006c]" name="demo" class="project3.project3.day2"/>
        <method signature="day3.mobilesignedhomeloan()[pri:0, instance:project3.project3.day3@29d89d5d]" name="mobilesignedhomeloan" class="project3.project3.day3"/>
      </group> <!-- smoke -->
    </groups>
    <test started-at="2022-08-23T13:03:55 IST" name="Regression" finished-at="2022-08-23T13:03:55 IST" duration-ms="122">
      <class name="project3.project3.day1">
        <test-method signature="carloan2()[pri:0, instance:project3.project3.day1@34f5090e]" started-at="2022-08-23T13:03:55 IST" name="carloan2" finished-at="2022-08-23T13:03:55 IST" duration-ms="14" status="PASS">
          <reporter-output>
          </reporter-output>
        </test-method> <!-- carloan2 -->
      </class> <!-- project3.project3.day1 -->
      <class name="project3.project3.day3">
        <test-method signature="mobilesignedhomeloan()[pri:0, instance:project3.project3.day3@29d89d5d]" started-at="2022-08-23T13:03:55 IST" name="mobilesignedhomeloan" finished-at="2022-08-23T13:03:55 IST" duration-ms="7" status="PASS">
          <reporter-output>
          </reporter-output>
        </test-method> <!-- mobilesignedhomeloan -->
      </class> <!-- project3.project3.day3 -->
      <class name="project3.project3.day2">
        <test-method signature="demo()[pri:0, instance:project3.project3.day2@57af006c]" started-at="2022-08-23T13:03:55 IST" name="demo" finished-at="2022-08-23T13:03:55 IST" duration-ms="3" status="PASS">
          <reporter-output>
          </reporter-output>
        </test-method> <!-- demo -->
      </class> <!-- project3.project3.day2 -->
    </test> <!-- Regression -->
  </suite> <!-- Loan Department -->
</testng-results>
