<?xml version="1.0" encoding="UTF-8"?>
<testng-results ignored="0" total="1" passed="1" failed="0" skipped="0">
  <reporter-output>
  </reporter-output>
  <suite started-at="2022-08-26T17:59:10 IST" name="Default suite" finished-at="2022-08-26T17:59:10 IST" duration-ms="87">
    <groups>
      <group name="smoke">
        <method signature="day2.demo()[pri:0, instance:project3.project3.day2@29e495ff]" name="demo" class="project3.project3.day2"/>
      </group> <!-- smoke -->
    </groups>
    <test started-at="2022-08-26T17:59:10 IST" name="Default test" finished-at="2022-08-26T17:59:10 IST" duration-ms="87">
      <class name="project3.project3.day2">
        <test-method is-config="true" signature="before()[pri:0, instance:project3.project3.day2@29e495ff]" started-at="2022-08-26T17:59:10 IST" name="before" finished-at="2022-08-26T17:59:10 IST" duration-ms="15" status="PASS">
          <reporter-output>
          </reporter-output>
        </test-method> <!-- before -->
        <test-method signature="demo()[pri:0, instance:project3.project3.day2@29e495ff]" started-at="2022-08-26T17:59:10 IST" name="demo" finished-at="2022-08-26T17:59:10 IST" duration-ms="5" status="PASS">
          <reporter-output>
          </reporter-output>
        </test-method> <!-- demo -->
      </class> <!-- project3.project3.day2 -->
    </test> <!-- Default test -->
  </suite> <!-- Default suite -->
</testng-results>
